2024-03-15T15:46:39.636-03:00  INFO 1732 --- [main] b.c.f.h.customer.CustomerApplication     : Starting CustomerApplication using Java 21.0.2 with PID 1732 (C:\Users\DIOGO\Desktop\Development\REPOSITORY\BFF\HACKATHON\hackathon-fiap\ms-customer\target\classes started by DIOGO in C:\Users\DIOGO\Desktop\Development\REPOSITORY\BFF\HACKATHON\hackathon-fiap)
2024-03-15T15:46:39.643-03:00  INFO 1732 --- [main] b.c.f.h.customer.CustomerApplication     : No active profile set, falling back to 1 default profile: "default"
2024-03-15T15:46:40.225-03:00  INFO 1732 --- [main] .s.d.r.c.RepositoryConfigurationDelegate : Multiple Spring Data modules found, entering strict repository configuration mode
2024-03-15T15:46:40.226-03:00  INFO 1732 --- [main] .s.d.r.c.RepositoryConfigurationDelegate : Bootstrapping Spring Data JDBC repositories in DEFAULT mode.
2024-03-15T15:46:40.247-03:00  INFO 1732 --- [main] .RepositoryConfigurationExtensionSupport : Spring Data JDBC - Could not safely identify store assignment for repository candidate interface br.com.fiap.hackaton.customer.repository.ClienteRepository; If you want this repository to be a JDBC repository, consider annotating your entities with one of these annotations: org.springframework.data.relational.core.mapping.Table.
2024-03-15T15:46:40.248-03:00  INFO 1732 --- [main] .RepositoryConfigurationExtensionSupport : Spring Data JDBC - Could not safely identify store assignment for repository candidate interface br.com.fiap.hackaton.customer.repository.EnderecoRepository; If you want this repository to be a JDBC repository, consider annotating your entities with one of these annotations: org.springframework.data.relational.core.mapping.Table.
2024-03-15T15:46:40.249-03:00  INFO 1732 --- [main] .s.d.r.c.RepositoryConfigurationDelegate : Finished Spring Data repository scanning in 19 ms. Found 0 JDBC repository interfaces.
2024-03-15T15:46:40.255-03:00  INFO 1732 --- [main] .s.d.r.c.RepositoryConfigurationDelegate : Multiple Spring Data modules found, entering strict repository configuration mode
2024-03-15T15:46:40.256-03:00  INFO 1732 --- [main] .s.d.r.c.RepositoryConfigurationDelegate : Bootstrapping Spring Data JPA repositories in DEFAULT mode.
2024-03-15T15:46:40.274-03:00  INFO 1732 --- [main] .s.d.r.c.RepositoryConfigurationDelegate : Finished Spring Data repository scanning in 16 ms. Found 2 JPA repository interfaces.
2024-03-15T15:46:40.640-03:00  INFO 1732 --- [main] o.s.b.w.embedded.tomcat.TomcatWebServer  : Tomcat initialized with port 8080 (http)
2024-03-15T15:46:40.649-03:00  INFO 1732 --- [main] o.apache.catalina.core.StandardService   : Starting service [Tomcat]
2024-03-15T15:46:40.650-03:00  INFO 1732 --- [main] o.apache.catalina.core.StandardEngine    : Starting Servlet engine: [Apache Tomcat/10.1.19]
2024-03-15T15:46:40.699-03:00  INFO 1732 --- [main] o.a.c.c.C.[Tomcat].[localhost].[/]       : Initializing Spring embedded WebApplicationContext
2024-03-15T15:46:40.699-03:00  INFO 1732 --- [main] w.s.c.ServletWebServerApplicationContext : Root WebApplicationContext: initialization completed in 1027 ms
2024-03-15T15:46:40.796-03:00  INFO 1732 --- [main] o.hibernate.jpa.internal.util.LogHelper  : HHH000204: Processing PersistenceUnitInfo [name: default]
2024-03-15T15:46:40.849-03:00  INFO 1732 --- [main] org.hibernate.Version                    : HHH000412: Hibernate ORM core version 6.4.4.Final
2024-03-15T15:46:40.876-03:00  INFO 1732 --- [main] o.h.c.internal.RegionFactoryInitiator    : HHH000026: Second-level cache disabled
2024-03-15T15:46:41.067-03:00  INFO 1732 --- [main] o.s.o.j.p.SpringPersistenceUnitInfo      : No LoadTimeWeaver setup: ignoring JPA class transformer
2024-03-15T15:46:41.088-03:00  INFO 1732 --- [main] com.zaxxer.hikari.HikariDataSource       : HikariPool-1 - Starting...
2024-03-15T15:46:41.367-03:00  INFO 1732 --- [main] com.zaxxer.hikari.pool.HikariPool        : HikariPool-1 - Added connection com.mysql.cj.jdbc.ConnectionImpl@563843f1
2024-03-15T15:46:41.368-03:00  INFO 1732 --- [main] com.zaxxer.hikari.HikariDataSource       : HikariPool-1 - Start completed.
2024-03-15T15:46:42.113-03:00  INFO 1732 --- [main] o.h.e.t.j.p.i.JtaPlatformInitiator       : HHH000489: No JTA platform available (set 'hibernate.transaction.jta.platform' to enable JTA platform integration)
2024-03-15T15:46:42.165-03:00  INFO 1732 --- [main] j.LocalContainerEntityManagerFactoryBean : Initialized JPA EntityManagerFactory for persistence unit 'default'
2024-03-15T15:46:42.474-03:00  WARN 1732 --- [main] JpaBaseConfiguration$JpaWebConfiguration : spring.jpa.open-in-view is enabled by default. Therefore, database queries may be performed during view rendering. Explicitly configure spring.jpa.open-in-view to disable this warning
2024-03-15T15:46:43.079-03:00  INFO 1732 --- [main] o.s.b.w.embedded.tomcat.TomcatWebServer  : Tomcat started on port 8080 (http) with context path ''
2024-03-15T15:46:43.084-03:00  INFO 1732 --- [main] b.c.f.h.customer.CustomerApplication     : Started CustomerApplication in 3.739 seconds (process running for 4.239)
2024-03-15T15:51:18.825-03:00  INFO 1732 --- [http-nio-8080-exec-3] o.a.c.c.C.[Tomcat].[localhost].[/]       : Initializing Spring DispatcherServlet 'dispatcherServlet'
2024-03-15T15:51:18.826-03:00  INFO 1732 --- [http-nio-8080-exec-3] o.s.web.servlet.DispatcherServlet        : Initializing Servlet 'dispatcherServlet'
2024-03-15T15:51:18.828-03:00  INFO 1732 --- [http-nio-8080-exec-3] o.s.web.servlet.DispatcherServlet        : Completed initialization in 2 ms
2024-03-15T15:51:18.878-03:00  INFO 1732 --- [http-nio-8080-exec-3] b.c.f.h.c.s.impl.ClienteServiceImpl      : START - [Cliente] - obterTodos
2024-03-15T15:51:18.991-03:00  INFO 1732 --- [http-nio-8080-exec-3] b.c.f.h.c.s.impl.ClienteServiceImpl      : FINAL - [Cliente] - obterTodos
2024-03-15T15:56:27.611-03:00  INFO 1732 --- [SpringApplicationShutdownHook] j.LocalContainerEntityManagerFactoryBean : Closing JPA EntityManagerFactory for persistence unit 'default'
2024-03-15T15:56:27.614-03:00  INFO 1732 --- [SpringApplicationShutdownHook] com.zaxxer.hikari.HikariDataSource       : HikariPool-1 - Shutdown initiated...
2024-03-15T15:56:27.645-03:00  INFO 1732 --- [SpringApplicationShutdownHook] com.zaxxer.hikari.HikariDataSource       : HikariPool-1 - Shutdown completed.
2024-03-15T15:56:32.025-03:00  INFO 51044 --- [main] b.c.f.h.customer.CustomerApplication     : Starting CustomerApplication using Java 21.0.2 with PID 51044 (C:\Users\DIOGO\Desktop\Development\REPOSITORY\BFF\HACKATHON\hackathon-fiap\ms-customer\target\classes started by DIOGO in C:\Users\DIOGO\Desktop\Development\REPOSITORY\BFF\HACKATHON\hackathon-fiap)
2024-03-15T15:56:32.027-03:00  INFO 51044 --- [main] b.c.f.h.customer.CustomerApplication     : No active profile set, falling back to 1 default profile: "default"
2024-03-15T15:56:32.505-03:00  INFO 51044 --- [main] .s.d.r.c.RepositoryConfigurationDelegate : Multiple Spring Data modules found, entering strict repository configuration mode
2024-03-15T15:56:32.506-03:00  INFO 51044 --- [main] .s.d.r.c.RepositoryConfigurationDelegate : Bootstrapping Spring Data JDBC repositories in DEFAULT mode.
2024-03-15T15:56:32.527-03:00  INFO 51044 --- [main] .RepositoryConfigurationExtensionSupport : Spring Data JDBC - Could not safely identify store assignment for repository candidate interface br.com.fiap.hackaton.customer.repository.ClienteRepository; If you want this repository to be a JDBC repository, consider annotating your entities with one of these annotations: org.springframework.data.relational.core.mapping.Table.
2024-03-15T15:56:32.527-03:00  INFO 51044 --- [main] .RepositoryConfigurationExtensionSupport : Spring Data JDBC - Could not safely identify store assignment for repository candidate interface br.com.fiap.hackaton.customer.repository.EnderecoRepository; If you want this repository to be a JDBC repository, consider annotating your entities with one of these annotations: org.springframework.data.relational.core.mapping.Table.
2024-03-15T15:56:32.528-03:00  INFO 51044 --- [main] .s.d.r.c.RepositoryConfigurationDelegate : Finished Spring Data repository scanning in 18 ms. Found 0 JDBC repository interfaces.
2024-03-15T15:56:32.534-03:00  INFO 51044 --- [main] .s.d.r.c.RepositoryConfigurationDelegate : Multiple Spring Data modules found, entering strict repository configuration mode
2024-03-15T15:56:32.535-03:00  INFO 51044 --- [main] .s.d.r.c.RepositoryConfigurationDelegate : Bootstrapping Spring Data JPA repositories in DEFAULT mode.
2024-03-15T15:56:32.553-03:00  INFO 51044 --- [main] .s.d.r.c.RepositoryConfigurationDelegate : Finished Spring Data repository scanning in 16 ms. Found 2 JPA repository interfaces.
2024-03-15T15:56:32.882-03:00  INFO 51044 --- [main] o.s.b.w.embedded.tomcat.TomcatWebServer  : Tomcat initialized with port 8080 (http)
2024-03-15T15:56:32.890-03:00  INFO 51044 --- [main] o.apache.catalina.core.StandardService   : Starting service [Tomcat]
2024-03-15T15:56:32.890-03:00  INFO 51044 --- [main] o.apache.catalina.core.StandardEngine    : Starting Servlet engine: [Apache Tomcat/10.1.19]
2024-03-15T15:56:32.938-03:00  INFO 51044 --- [main] o.a.c.c.C.[Tomcat].[localhost].[/]       : Initializing Spring embedded WebApplicationContext
2024-03-15T15:56:32.938-03:00  INFO 51044 --- [main] w.s.c.ServletWebServerApplicationContext : Root WebApplicationContext: initialization completed in 885 ms
2024-03-15T15:56:33.044-03:00  INFO 51044 --- [main] o.hibernate.jpa.internal.util.LogHelper  : HHH000204: Processing PersistenceUnitInfo [name: default]
2024-03-15T15:56:33.081-03:00  INFO 51044 --- [main] org.hibernate.Version                    : HHH000412: Hibernate ORM core version 6.4.4.Final
2024-03-15T15:56:33.102-03:00  INFO 51044 --- [main] o.h.c.internal.RegionFactoryInitiator    : HHH000026: Second-level cache disabled
2024-03-15T15:56:33.252-03:00  INFO 51044 --- [main] o.s.o.j.p.SpringPersistenceUnitInfo      : No LoadTimeWeaver setup: ignoring JPA class transformer
2024-03-15T15:56:33.268-03:00  INFO 51044 --- [main] com.zaxxer.hikari.HikariDataSource       : HikariPool-1 - Starting...
2024-03-15T15:56:33.477-03:00  INFO 51044 --- [main] com.zaxxer.hikari.pool.HikariPool        : HikariPool-1 - Added connection com.mysql.cj.jdbc.ConnectionImpl@6fd7aba8
2024-03-15T15:56:33.478-03:00  INFO 51044 --- [main] com.zaxxer.hikari.HikariDataSource       : HikariPool-1 - Start completed.
2024-03-15T15:56:34.115-03:00  INFO 51044 --- [main] o.h.e.t.j.p.i.JtaPlatformInitiator       : HHH000489: No JTA platform available (set 'hibernate.transaction.jta.platform' to enable JTA platform integration)
2024-03-15T15:56:34.160-03:00  INFO 51044 --- [main] j.LocalContainerEntityManagerFactoryBean : Initialized JPA EntityManagerFactory for persistence unit 'default'
2024-03-15T15:56:34.440-03:00  WARN 51044 --- [main] JpaBaseConfiguration$JpaWebConfiguration : spring.jpa.open-in-view is enabled by default. Therefore, database queries may be performed during view rendering. Explicitly configure spring.jpa.open-in-view to disable this warning
2024-03-15T15:56:35.014-03:00  INFO 51044 --- [main] o.s.b.w.embedded.tomcat.TomcatWebServer  : Tomcat started on port 8080 (http) with context path ''
2024-03-15T15:56:35.019-03:00  INFO 51044 --- [main] b.c.f.h.customer.CustomerApplication     : Started CustomerApplication in 3.265 seconds (process running for 3.658)
2024-03-15T15:57:18.004-03:00  INFO 51044 --- [http-nio-8080-exec-1] o.a.c.c.C.[Tomcat].[localhost].[/]       : Initializing Spring DispatcherServlet 'dispatcherServlet'
2024-03-15T15:57:18.004-03:00  INFO 51044 --- [http-nio-8080-exec-1] o.s.web.servlet.DispatcherServlet        : Initializing Servlet 'dispatcherServlet'
2024-03-15T15:57:18.006-03:00  INFO 51044 --- [http-nio-8080-exec-1] o.s.web.servlet.DispatcherServlet        : Completed initialization in 1 ms
2024-03-15T15:57:18.148-03:00  INFO 51044 --- [http-nio-8080-exec-1] b.c.f.h.c.s.impl.ClienteServiceImpl      : START - [Cliente] - criar
2024-03-15T15:57:18.220-03:00  INFO 51044 --- [http-nio-8080-exec-1] b.c.f.h.c.s.impl.ClienteServiceImpl      : FINAL - [Cliente] - criar
2024-03-15T15:57:34.819-03:00  INFO 51044 --- [http-nio-8080-exec-3] b.c.f.h.c.s.impl.ClienteServiceImpl      : START - [Cliente] - obterTodos
2024-03-15T15:57:34.918-03:00  INFO 51044 --- [http-nio-8080-exec-3] b.c.f.h.c.s.impl.ClienteServiceImpl      : FINAL - [Cliente] - obterTodos
2024-03-15T15:58:29.439-03:00  INFO 51044 --- [SpringApplicationShutdownHook] j.LocalContainerEntityManagerFactoryBean : Closing JPA EntityManagerFactory for persistence unit 'default'
2024-03-15T15:58:29.441-03:00  INFO 51044 --- [SpringApplicationShutdownHook] com.zaxxer.hikari.HikariDataSource       : HikariPool-1 - Shutdown initiated...
2024-03-15T15:58:29.453-03:00  INFO 51044 --- [SpringApplicationShutdownHook] com.zaxxer.hikari.HikariDataSource       : HikariPool-1 - Shutdown completed.
2024-03-15T15:58:32.542-03:00  INFO 21448 --- [main] b.c.f.h.customer.CustomerApplication     : Starting CustomerApplication using Java 21.0.2 with PID 21448 (C:\Users\DIOGO\Desktop\Development\REPOSITORY\BFF\HACKATHON\hackathon-fiap\ms-customer\target\classes started by DIOGO in C:\Users\DIOGO\Desktop\Development\REPOSITORY\BFF\HACKATHON\hackathon-fiap)
2024-03-15T15:58:32.543-03:00  INFO 21448 --- [main] b.c.f.h.customer.CustomerApplication     : No active profile set, falling back to 1 default profile: "default"
2024-03-15T15:58:33.006-03:00  INFO 21448 --- [main] .s.d.r.c.RepositoryConfigurationDelegate : Multiple Spring Data modules found, entering strict repository configuration mode
2024-03-15T15:58:33.007-03:00  INFO 21448 --- [main] .s.d.r.c.RepositoryConfigurationDelegate : Bootstrapping Spring Data JDBC repositories in DEFAULT mode.
2024-03-15T15:58:33.025-03:00  INFO 21448 --- [main] .RepositoryConfigurationExtensionSupport : Spring Data JDBC - Could not safely identify store assignment for repository candidate interface br.com.fiap.hackaton.customer.repository.ClienteRepository; If you want this repository to be a JDBC repository, consider annotating your entities with one of these annotations: org.springframework.data.relational.core.mapping.Table.
2024-03-15T15:58:33.026-03:00  INFO 21448 --- [main] .RepositoryConfigurationExtensionSupport : Spring Data JDBC - Could not safely identify store assignment for repository candidate interface br.com.fiap.hackaton.customer.repository.EnderecoRepository; If you want this repository to be a JDBC repository, consider annotating your entities with one of these annotations: org.springframework.data.relational.core.mapping.Table.
2024-03-15T15:58:33.026-03:00  INFO 21448 --- [main] .s.d.r.c.RepositoryConfigurationDelegate : Finished Spring Data repository scanning in 17 ms. Found 0 JDBC repository interfaces.
2024-03-15T15:58:33.032-03:00  INFO 21448 --- [main] .s.d.r.c.RepositoryConfigurationDelegate : Multiple Spring Data modules found, entering strict repository configuration mode
2024-03-15T15:58:33.033-03:00  INFO 21448 --- [main] .s.d.r.c.RepositoryConfigurationDelegate : Bootstrapping Spring Data JPA repositories in DEFAULT mode.
2024-03-15T15:58:33.049-03:00  INFO 21448 --- [main] .s.d.r.c.RepositoryConfigurationDelegate : Finished Spring Data repository scanning in 14 ms. Found 2 JPA repository interfaces.
2024-03-15T15:58:33.354-03:00  INFO 21448 --- [main] o.s.b.w.embedded.tomcat.TomcatWebServer  : Tomcat initialized with port 8080 (http)
2024-03-15T15:58:33.362-03:00  INFO 21448 --- [main] o.apache.catalina.core.StandardService   : Starting service [Tomcat]
2024-03-15T15:58:33.362-03:00  INFO 21448 --- [main] o.apache.catalina.core.StandardEngine    : Starting Servlet engine: [Apache Tomcat/10.1.19]
2024-03-15T15:58:33.403-03:00  INFO 21448 --- [main] o.a.c.c.C.[Tomcat].[localhost].[/]       : Initializing Spring embedded WebApplicationContext
2024-03-15T15:58:33.403-03:00  INFO 21448 --- [main] w.s.c.ServletWebServerApplicationContext : Root WebApplicationContext: initialization completed in 835 ms
2024-03-15T15:58:33.492-03:00  INFO 21448 --- [main] o.hibernate.jpa.internal.util.LogHelper  : HHH000204: Processing PersistenceUnitInfo [name: default]
2024-03-15T15:58:33.530-03:00  INFO 21448 --- [main] org.hibernate.Version                    : HHH000412: Hibernate ORM core version 6.4.4.Final
2024-03-15T15:58:33.550-03:00  INFO 21448 --- [main] o.h.c.internal.RegionFactoryInitiator    : HHH000026: Second-level cache disabled
2024-03-15T15:58:33.701-03:00  INFO 21448 --- [main] o.s.o.j.p.SpringPersistenceUnitInfo      : No LoadTimeWeaver setup: ignoring JPA class transformer
2024-03-15T15:58:33.717-03:00  INFO 21448 --- [main] com.zaxxer.hikari.HikariDataSource       : HikariPool-1 - Starting...
2024-03-15T15:58:33.935-03:00  INFO 21448 --- [main] com.zaxxer.hikari.pool.HikariPool        : HikariPool-1 - Added connection com.mysql.cj.jdbc.ConnectionImpl@7573c7b5
2024-03-15T15:58:33.936-03:00  INFO 21448 --- [main] com.zaxxer.hikari.HikariDataSource       : HikariPool-1 - Start completed.
2024-03-15T15:58:34.585-03:00  INFO 21448 --- [main] o.h.e.t.j.p.i.JtaPlatformInitiator       : HHH000489: No JTA platform available (set 'hibernate.transaction.jta.platform' to enable JTA platform integration)
2024-03-15T15:58:34.629-03:00  INFO 21448 --- [main] j.LocalContainerEntityManagerFactoryBean : Initialized JPA EntityManagerFactory for persistence unit 'default'
2024-03-15T15:58:34.895-03:00  WARN 21448 --- [main] JpaBaseConfiguration$JpaWebConfiguration : spring.jpa.open-in-view is enabled by default. Therefore, database queries may be performed during view rendering. Explicitly configure spring.jpa.open-in-view to disable this warning
2024-03-15T15:58:35.458-03:00  INFO 21448 --- [main] o.s.b.w.embedded.tomcat.TomcatWebServer  : Tomcat started on port 8080 (http) with context path ''
2024-03-15T15:58:35.464-03:00  INFO 21448 --- [main] b.c.f.h.customer.CustomerApplication     : Started CustomerApplication in 3.176 seconds (process running for 3.573)
2024-03-15T15:59:01.745-03:00  INFO 21448 --- [http-nio-8080-exec-2] o.a.c.c.C.[Tomcat].[localhost].[/]       : Initializing Spring DispatcherServlet 'dispatcherServlet'
2024-03-15T15:59:01.745-03:00  INFO 21448 --- [http-nio-8080-exec-2] o.s.web.servlet.DispatcherServlet        : Initializing Servlet 'dispatcherServlet'
2024-03-15T15:59:01.747-03:00  INFO 21448 --- [http-nio-8080-exec-2] o.s.web.servlet.DispatcherServlet        : Completed initialization in 1 ms
2024-03-15T15:59:01.887-03:00  INFO 21448 --- [http-nio-8080-exec-2] b.c.f.h.c.s.impl.ClienteServiceImpl      : START - [Cliente] - criar
2024-03-15T15:59:01.887-03:00  INFO 21448 --- [http-nio-8080-exec-2] b.c.f.h.c.s.impl.ClienteServiceImpl      : FINAL - [Cliente] - criar
2024-03-15T15:59:01.890-03:00 ERROR 21448 --- [http-nio-8080-exec-2] o.a.c.c.C.[.[.[/].[dispatcherServlet]    : Servlet.service() for servlet [dispatcherServlet] in context with path [] threw exception [Request processing failed: br.com.fiap.hackaton.customer.exceptions.PassaparteObrigatorioException: O cadastro do passaporte é obrigatório para estrangeiros] with root cause

br.com.fiap.hackaton.customer.exceptions.PassaparteObrigatorioException: O cadastro do passaporte é obrigatório para estrangeiros
	at br.com.fiap.hackaton.customer.service.impl.ClienteServiceImpl.validaPaisDeOrigem(ClienteServiceImpl.java:125) ~[classes/:na]
	at br.com.fiap.hackaton.customer.service.impl.ClienteServiceImpl.criarCliente(ClienteServiceImpl.java:34) ~[classes/:na]
	at java.base/jdk.internal.reflect.DirectMethodHandleAccessor.invoke(DirectMethodHandleAccessor.java:103) ~[na:na]
	at java.base/java.lang.reflect.Method.invoke(Method.java:580) ~[na:na]
	at org.springframework.aop.support.AopUtils.invokeJoinpointUsingReflection(AopUtils.java:351) ~[spring-aop-6.1.4.jar:6.1.4]
	at org.springframework.aop.framework.CglibAopProxy$DynamicAdvisedInterceptor.intercept(CglibAopProxy.java:713) ~[spring-aop-6.1.4.jar:6.1.4]
	at br.com.fiap.hackaton.customer.service.impl.ClienteServiceImpl$$SpringCGLIB$$0.criarCliente(<generated>) ~[classes/:na]
	at br.com.fiap.hackaton.customer.controller.ClienteController.createPost(ClienteController.java:30) ~[classes/:na]
	at java.base/jdk.internal.reflect.DirectMethodHandleAccessor.invoke(DirectMethodHandleAccessor.java:103) ~[na:na]
	at java.base/java.lang.reflect.Method.invoke(Method.java:580) ~[na:na]
	at org.springframework.web.method.support.InvocableHandlerMethod.doInvoke(InvocableHandlerMethod.java:259) ~[spring-web-6.1.4.jar:6.1.4]
	at org.springframework.web.method.support.InvocableHandlerMethod.invokeForRequest(InvocableHandlerMethod.java:192) ~[spring-web-6.1.4.jar:6.1.4]
	at org.springframework.web.servlet.mvc.method.annotation.ServletInvocableHandlerMethod.invokeAndHandle(ServletInvocableHandlerMethod.java:118) ~[spring-webmvc-6.1.4.jar:6.1.4]
	at org.springframework.web.servlet.mvc.method.annotation.RequestMappingHandlerAdapter.invokeHandlerMethod(RequestMappingHandlerAdapter.java:920) ~[spring-webmvc-6.1.4.jar:6.1.4]
	at org.springframework.web.servlet.mvc.method.annotation.RequestMappingHandlerAdapter.handleInternal(RequestMappingHandlerAdapter.java:830) ~[spring-webmvc-6.1.4.jar:6.1.4]
	at org.springframework.web.servlet.mvc.method.AbstractHandlerMethodAdapter.handle(AbstractHandlerMethodAdapter.java:87) ~[spring-webmvc-6.1.4.jar:6.1.4]
	at org.springframework.web.servlet.DispatcherServlet.doDispatch(DispatcherServlet.java:1089) ~[spring-webmvc-6.1.4.jar:6.1.4]
	at org.springframework.web.servlet.DispatcherServlet.doService(DispatcherServlet.java:979) ~[spring-webmvc-6.1.4.jar:6.1.4]
	at org.springframework.web.servlet.FrameworkServlet.processRequest(FrameworkServlet.java:1014) ~[spring-webmvc-6.1.4.jar:6.1.4]
	at org.springframework.web.servlet.FrameworkServlet.doPost(FrameworkServlet.java:914) ~[spring-webmvc-6.1.4.jar:6.1.4]
	at jakarta.servlet.http.HttpServlet.service(HttpServlet.java:590) ~[tomcat-embed-core-10.1.19.jar:6.0]
	at org.springframework.web.servlet.FrameworkServlet.service(FrameworkServlet.java:885) ~[spring-webmvc-6.1.4.jar:6.1.4]
	at jakarta.servlet.http.HttpServlet.service(HttpServlet.java:658) ~[tomcat-embed-core-10.1.19.jar:6.0]
	at org.apache.catalina.core.ApplicationFilterChain.internalDoFilter(ApplicationFilterChain.java:205) ~[tomcat-embed-core-10.1.19.jar:10.1.19]
	at org.apache.catalina.core.ApplicationFilterChain.doFilter(ApplicationFilterChain.java:149) ~[tomcat-embed-core-10.1.19.jar:10.1.19]
	at org.apache.tomcat.websocket.server.WsFilter.doFilter(WsFilter.java:51) ~[tomcat-embed-websocket-10.1.19.jar:10.1.19]
	at org.apache.catalina.core.ApplicationFilterChain.internalDoFilter(ApplicationFilterChain.java:174) ~[tomcat-embed-core-10.1.19.jar:10.1.19]
	at org.apache.catalina.core.ApplicationFilterChain.doFilter(ApplicationFilterChain.java:149) ~[tomcat-embed-core-10.1.19.jar:10.1.19]
	at org.springframework.web.filter.RequestContextFilter.doFilterInternal(RequestContextFilter.java:100) ~[spring-web-6.1.4.jar:6.1.4]
	at org.springframework.web.filter.OncePerRequestFilter.doFilter(OncePerRequestFilter.java:116) ~[spring-web-6.1.4.jar:6.1.4]
	at org.apache.catalina.core.ApplicationFilterChain.internalDoFilter(ApplicationFilterChain.java:174) ~[tomcat-embed-core-10.1.19.jar:10.1.19]
	at org.apache.catalina.core.ApplicationFilterChain.doFilter(ApplicationFilterChain.java:149) ~[tomcat-embed-core-10.1.19.jar:10.1.19]
	at org.springframework.web.filter.FormContentFilter.doFilterInternal(FormContentFilter.java:93) ~[spring-web-6.1.4.jar:6.1.4]
	at org.springframework.web.filter.OncePerRequestFilter.doFilter(OncePerRequestFilter.java:116) ~[spring-web-6.1.4.jar:6.1.4]
	at org.apache.catalina.core.ApplicationFilterChain.internalDoFilter(ApplicationFilterChain.java:174) ~[tomcat-embed-core-10.1.19.jar:10.1.19]
	at org.apache.catalina.core.ApplicationFilterChain.doFilter(ApplicationFilterChain.java:149) ~[tomcat-embed-core-10.1.19.jar:10.1.19]
	at org.springframework.web.filter.CharacterEncodingFilter.doFilterInternal(CharacterEncodingFilter.java:201) ~[spring-web-6.1.4.jar:6.1.4]
	at org.springframework.web.filter.OncePerRequestFilter.doFilter(OncePerRequestFilter.java:116) ~[spring-web-6.1.4.jar:6.1.4]
	at org.apache.catalina.core.ApplicationFilterChain.internalDoFilter(ApplicationFilterChain.java:174) ~[tomcat-embed-core-10.1.19.jar:10.1.19]
	at org.apache.catalina.core.ApplicationFilterChain.doFilter(ApplicationFilterChain.java:149) ~[tomcat-embed-core-10.1.19.jar:10.1.19]
	at org.apache.catalina.core.StandardWrapperValve.invoke(StandardWrapperValve.java:167) ~[tomcat-embed-core-10.1.19.jar:10.1.19]
	at org.apache.catalina.core.StandardContextValve.invoke(StandardContextValve.java:90) ~[tomcat-embed-core-10.1.19.jar:10.1.19]
	at org.apache.catalina.authenticator.AuthenticatorBase.invoke(AuthenticatorBase.java:482) ~[tomcat-embed-core-10.1.19.jar:10.1.19]
	at org.apache.catalina.core.StandardHostValve.invoke(StandardHostValve.java:115) ~[tomcat-embed-core-10.1.19.jar:10.1.19]
	at org.apache.catalina.valves.ErrorReportValve.invoke(ErrorReportValve.java:93) ~[tomcat-embed-core-10.1.19.jar:10.1.19]
	at org.apache.catalina.core.StandardEngineValve.invoke(StandardEngineValve.java:74) ~[tomcat-embed-core-10.1.19.jar:10.1.19]
	at org.apache.catalina.connector.CoyoteAdapter.service(CoyoteAdapter.java:344) ~[tomcat-embed-core-10.1.19.jar:10.1.19]
	at org.apache.coyote.http11.Http11Processor.service(Http11Processor.java:391) ~[tomcat-embed-core-10.1.19.jar:10.1.19]
	at org.apache.coyote.AbstractProcessorLight.process(AbstractProcessorLight.java:63) ~[tomcat-embed-core-10.1.19.jar:10.1.19]
	at org.apache.coyote.AbstractProtocol$ConnectionHandler.process(AbstractProtocol.java:896) ~[tomcat-embed-core-10.1.19.jar:10.1.19]
	at org.apache.tomcat.util.net.NioEndpoint$SocketProcessor.doRun(NioEndpoint.java:1744) ~[tomcat-embed-core-10.1.19.jar:10.1.19]
	at org.apache.tomcat.util.net.SocketProcessorBase.run(SocketProcessorBase.java:52) ~[tomcat-embed-core-10.1.19.jar:10.1.19]
	at org.apache.tomcat.util.threads.ThreadPoolExecutor.runWorker(ThreadPoolExecutor.java:1191) ~[tomcat-embed-core-10.1.19.jar:10.1.19]
	at org.apache.tomcat.util.threads.ThreadPoolExecutor$Worker.run(ThreadPoolExecutor.java:659) ~[tomcat-embed-core-10.1.19.jar:10.1.19]
	at org.apache.tomcat.util.threads.TaskThread$WrappingRunnable.run(TaskThread.java:63) ~[tomcat-embed-core-10.1.19.jar:10.1.19]
	at java.base/java.lang.Thread.run(Thread.java:1583) ~[na:na]

2024-03-15T16:00:21.672-03:00  INFO 21448 --- [SpringApplicationShutdownHook] j.LocalContainerEntityManagerFactoryBean : Closing JPA EntityManagerFactory for persistence unit 'default'
2024-03-15T16:00:21.674-03:00  INFO 21448 --- [SpringApplicationShutdownHook] com.zaxxer.hikari.HikariDataSource       : HikariPool-1 - Shutdown initiated...
2024-03-15T16:00:21.692-03:00  INFO 21448 --- [SpringApplicationShutdownHook] com.zaxxer.hikari.HikariDataSource       : HikariPool-1 - Shutdown completed.
2024-03-15T16:00:24.625-03:00  INFO 47576 --- [main] b.c.f.h.customer.CustomerApplication     : Starting CustomerApplication using Java 21.0.2 with PID 47576 (C:\Users\DIOGO\Desktop\Development\REPOSITORY\BFF\HACKATHON\hackathon-fiap\ms-customer\target\classes started by DIOGO in C:\Users\DIOGO\Desktop\Development\REPOSITORY\BFF\HACKATHON\hackathon-fiap)
2024-03-15T16:00:24.626-03:00  INFO 47576 --- [main] b.c.f.h.customer.CustomerApplication     : No active profile set, falling back to 1 default profile: "default"
2024-03-15T16:00:25.101-03:00  INFO 47576 --- [main] .s.d.r.c.RepositoryConfigurationDelegate : Multiple Spring Data modules found, entering strict repository configuration mode
2024-03-15T16:00:25.102-03:00  INFO 47576 --- [main] .s.d.r.c.RepositoryConfigurationDelegate : Bootstrapping Spring Data JDBC repositories in DEFAULT mode.
2024-03-15T16:00:25.121-03:00  INFO 47576 --- [main] .RepositoryConfigurationExtensionSupport : Spring Data JDBC - Could not safely identify store assignment for repository candidate interface br.com.fiap.hackaton.customer.repository.ClienteRepository; If you want this repository to be a JDBC repository, consider annotating your entities with one of these annotations: org.springframework.data.relational.core.mapping.Table.
2024-03-15T16:00:25.122-03:00  INFO 47576 --- [main] .RepositoryConfigurationExtensionSupport : Spring Data JDBC - Could not safely identify store assignment for repository candidate interface br.com.fiap.hackaton.customer.repository.EnderecoRepository; If you want this repository to be a JDBC repository, consider annotating your entities with one of these annotations: org.springframework.data.relational.core.mapping.Table.
2024-03-15T16:00:25.122-03:00  INFO 47576 --- [main] .s.d.r.c.RepositoryConfigurationDelegate : Finished Spring Data repository scanning in 17 ms. Found 0 JDBC repository interfaces.
2024-03-15T16:00:25.128-03:00  INFO 47576 --- [main] .s.d.r.c.RepositoryConfigurationDelegate : Multiple Spring Data modules found, entering strict repository configuration mode
2024-03-15T16:00:25.129-03:00  INFO 47576 --- [main] .s.d.r.c.RepositoryConfigurationDelegate : Bootstrapping Spring Data JPA repositories in DEFAULT mode.
2024-03-15T16:00:25.146-03:00  INFO 47576 --- [main] .s.d.r.c.RepositoryConfigurationDelegate : Finished Spring Data repository scanning in 15 ms. Found 2 JPA repository interfaces.
2024-03-15T16:00:25.455-03:00  INFO 47576 --- [main] o.s.b.w.embedded.tomcat.TomcatWebServer  : Tomcat initialized with port 8080 (http)
2024-03-15T16:00:25.462-03:00  INFO 47576 --- [main] o.apache.catalina.core.StandardService   : Starting service [Tomcat]
2024-03-15T16:00:25.463-03:00  INFO 47576 --- [main] o.apache.catalina.core.StandardEngine    : Starting Servlet engine: [Apache Tomcat/10.1.19]
2024-03-15T16:00:25.504-03:00  INFO 47576 --- [main] o.a.c.c.C.[Tomcat].[localhost].[/]       : Initializing Spring embedded WebApplicationContext
2024-03-15T16:00:25.504-03:00  INFO 47576 --- [main] w.s.c.ServletWebServerApplicationContext : Root WebApplicationContext: initialization completed in 850 ms
2024-03-15T16:00:25.594-03:00  INFO 47576 --- [main] o.hibernate.jpa.internal.util.LogHelper  : HHH000204: Processing PersistenceUnitInfo [name: default]
2024-03-15T16:00:25.627-03:00  INFO 47576 --- [main] org.hibernate.Version                    : HHH000412: Hibernate ORM core version 6.4.4.Final
2024-03-15T16:00:25.648-03:00  INFO 47576 --- [main] o.h.c.internal.RegionFactoryInitiator    : HHH000026: Second-level cache disabled
2024-03-15T16:00:25.807-03:00  INFO 47576 --- [main] o.s.o.j.p.SpringPersistenceUnitInfo      : No LoadTimeWeaver setup: ignoring JPA class transformer
2024-03-15T16:00:25.824-03:00  INFO 47576 --- [main] com.zaxxer.hikari.HikariDataSource       : HikariPool-1 - Starting...
2024-03-15T16:00:26.033-03:00  INFO 47576 --- [main] com.zaxxer.hikari.pool.HikariPool        : HikariPool-1 - Added connection com.mysql.cj.jdbc.ConnectionImpl@7573c7b5
2024-03-15T16:00:26.035-03:00  INFO 47576 --- [main] com.zaxxer.hikari.HikariDataSource       : HikariPool-1 - Start completed.
2024-03-15T16:00:26.664-03:00  INFO 47576 --- [main] o.h.e.t.j.p.i.JtaPlatformInitiator       : HHH000489: No JTA platform available (set 'hibernate.transaction.jta.platform' to enable JTA platform integration)
2024-03-15T16:00:26.708-03:00  INFO 47576 --- [main] j.LocalContainerEntityManagerFactoryBean : Initialized JPA EntityManagerFactory for persistence unit 'default'
2024-03-15T16:00:26.982-03:00  WARN 47576 --- [main] JpaBaseConfiguration$JpaWebConfiguration : spring.jpa.open-in-view is enabled by default. Therefore, database queries may be performed during view rendering. Explicitly configure spring.jpa.open-in-view to disable this warning
2024-03-15T16:00:27.548-03:00  INFO 47576 --- [main] o.s.b.w.embedded.tomcat.TomcatWebServer  : Tomcat started on port 8080 (http) with context path ''
2024-03-15T16:00:27.554-03:00  INFO 47576 --- [main] b.c.f.h.customer.CustomerApplication     : Started CustomerApplication in 3.198 seconds (process running for 3.592)
2024-03-15T16:00:54.920-03:00  INFO 47576 --- [http-nio-8080-exec-1] o.a.c.c.C.[Tomcat].[localhost].[/]       : Initializing Spring DispatcherServlet 'dispatcherServlet'
2024-03-15T16:00:54.921-03:00  INFO 47576 --- [http-nio-8080-exec-1] o.s.web.servlet.DispatcherServlet        : Initializing Servlet 'dispatcherServlet'
2024-03-15T16:00:54.922-03:00  INFO 47576 --- [http-nio-8080-exec-1] o.s.web.servlet.DispatcherServlet        : Completed initialization in 1 ms
2024-03-15T16:00:55.065-03:00  INFO 47576 --- [http-nio-8080-exec-1] b.c.f.h.c.s.impl.ClienteServiceImpl      : START - [Cliente] - criar
2024-03-15T16:00:55.066-03:00  INFO 47576 --- [http-nio-8080-exec-1] b.c.f.h.c.s.impl.ClienteServiceImpl      : FINAL - [Cliente] - criar
2024-03-15T16:02:10.343-03:00  INFO 47576 --- [http-nio-8080-exec-4] b.c.f.h.c.s.impl.ClienteServiceImpl      : START - [Cliente] - criar
2024-03-15T16:02:10.343-03:00  INFO 47576 --- [http-nio-8080-exec-4] b.c.f.h.c.s.impl.ClienteServiceImpl      : FINAL - [Cliente] - criar
2024-03-15T16:02:39.036-03:00  INFO 47576 --- [SpringApplicationShutdownHook] j.LocalContainerEntityManagerFactoryBean : Closing JPA EntityManagerFactory for persistence unit 'default'
2024-03-15T16:02:39.039-03:00  INFO 47576 --- [SpringApplicationShutdownHook] com.zaxxer.hikari.HikariDataSource       : HikariPool-1 - Shutdown initiated...
2024-03-15T16:02:39.052-03:00  INFO 47576 --- [SpringApplicationShutdownHook] com.zaxxer.hikari.HikariDataSource       : HikariPool-1 - Shutdown completed.
2024-03-15T16:02:42.158-03:00  INFO 28352 --- [main] b.c.f.h.customer.CustomerApplication     : Starting CustomerApplication using Java 21.0.2 with PID 28352 (C:\Users\DIOGO\Desktop\Development\REPOSITORY\BFF\HACKATHON\hackathon-fiap\ms-customer\target\classes started by DIOGO in C:\Users\DIOGO\Desktop\Development\REPOSITORY\BFF\HACKATHON\hackathon-fiap)
2024-03-15T16:02:42.159-03:00  INFO 28352 --- [main] b.c.f.h.customer.CustomerApplication     : No active profile set, falling back to 1 default profile: "default"
2024-03-15T16:02:42.611-03:00  INFO 28352 --- [main] .s.d.r.c.RepositoryConfigurationDelegate : Multiple Spring Data modules found, entering strict repository configuration mode
2024-03-15T16:02:42.612-03:00  INFO 28352 --- [main] .s.d.r.c.RepositoryConfigurationDelegate : Bootstrapping Spring Data JDBC repositories in DEFAULT mode.
2024-03-15T16:02:42.631-03:00  INFO 28352 --- [main] .RepositoryConfigurationExtensionSupport : Spring Data JDBC - Could not safely identify store assignment for repository candidate interface br.com.fiap.hackaton.customer.repository.ClienteRepository; If you want this repository to be a JDBC repository, consider annotating your entities with one of these annotations: org.springframework.data.relational.core.mapping.Table.
2024-03-15T16:02:42.632-03:00  INFO 28352 --- [main] .RepositoryConfigurationExtensionSupport : Spring Data JDBC - Could not safely identify store assignment for repository candidate interface br.com.fiap.hackaton.customer.repository.EnderecoRepository; If you want this repository to be a JDBC repository, consider annotating your entities with one of these annotations: org.springframework.data.relational.core.mapping.Table.
2024-03-15T16:02:42.632-03:00  INFO 28352 --- [main] .s.d.r.c.RepositoryConfigurationDelegate : Finished Spring Data repository scanning in 17 ms. Found 0 JDBC repository interfaces.
2024-03-15T16:02:42.645-03:00  INFO 28352 --- [main] .s.d.r.c.RepositoryConfigurationDelegate : Multiple Spring Data modules found, entering strict repository configuration mode
2024-03-15T16:02:42.645-03:00  INFO 28352 --- [main] .s.d.r.c.RepositoryConfigurationDelegate : Bootstrapping Spring Data JPA repositories in DEFAULT mode.
2024-03-15T16:02:42.662-03:00  INFO 28352 --- [main] .s.d.r.c.RepositoryConfigurationDelegate : Finished Spring Data repository scanning in 15 ms. Found 2 JPA repository interfaces.
2024-03-15T16:02:42.961-03:00  INFO 28352 --- [main] o.s.b.w.embedded.tomcat.TomcatWebServer  : Tomcat initialized with port 8080 (http)
2024-03-15T16:02:42.968-03:00  INFO 28352 --- [main] o.apache.catalina.core.StandardService   : Starting service [Tomcat]
2024-03-15T16:02:42.969-03:00  INFO 28352 --- [main] o.apache.catalina.core.StandardEngine    : Starting Servlet engine: [Apache Tomcat/10.1.19]
2024-03-15T16:02:43.016-03:00  INFO 28352 --- [main] o.a.c.c.C.[Tomcat].[localhost].[/]       : Initializing Spring embedded WebApplicationContext
2024-03-15T16:02:43.016-03:00  INFO 28352 --- [main] w.s.c.ServletWebServerApplicationContext : Root WebApplicationContext: initialization completed in 831 ms
2024-03-15T16:02:43.102-03:00  INFO 28352 --- [main] o.hibernate.jpa.internal.util.LogHelper  : HHH000204: Processing PersistenceUnitInfo [name: default]
2024-03-15T16:02:43.135-03:00  INFO 28352 --- [main] org.hibernate.Version                    : HHH000412: Hibernate ORM core version 6.4.4.Final
2024-03-15T16:02:43.154-03:00  INFO 28352 --- [main] o.h.c.internal.RegionFactoryInitiator    : HHH000026: Second-level cache disabled
2024-03-15T16:02:43.299-03:00  INFO 28352 --- [main] o.s.o.j.p.SpringPersistenceUnitInfo      : No LoadTimeWeaver setup: ignoring JPA class transformer
2024-03-15T16:02:43.314-03:00  INFO 28352 --- [main] com.zaxxer.hikari.HikariDataSource       : HikariPool-1 - Starting...
2024-03-15T16:02:43.529-03:00  INFO 28352 --- [main] com.zaxxer.hikari.pool.HikariPool        : HikariPool-1 - Added connection com.mysql.cj.jdbc.ConnectionImpl@7573c7b5
2024-03-15T16:02:43.531-03:00  INFO 28352 --- [main] com.zaxxer.hikari.HikariDataSource       : HikariPool-1 - Start completed.
2024-03-15T16:02:44.148-03:00  INFO 28352 --- [main] o.h.e.t.j.p.i.JtaPlatformInitiator       : HHH000489: No JTA platform available (set 'hibernate.transaction.jta.platform' to enable JTA platform integration)
2024-03-15T16:02:44.191-03:00  INFO 28352 --- [main] j.LocalContainerEntityManagerFactoryBean : Initialized JPA EntityManagerFactory for persistence unit 'default'
2024-03-15T16:02:44.456-03:00  WARN 28352 --- [main] JpaBaseConfiguration$JpaWebConfiguration : spring.jpa.open-in-view is enabled by default. Therefore, database queries may be performed during view rendering. Explicitly configure spring.jpa.open-in-view to disable this warning
2024-03-15T16:02:45.046-03:00  INFO 28352 --- [main] o.s.b.w.embedded.tomcat.TomcatWebServer  : Tomcat started on port 8080 (http) with context path ''
2024-03-15T16:02:45.052-03:00  INFO 28352 --- [main] b.c.f.h.customer.CustomerApplication     : Started CustomerApplication in 3.159 seconds (process running for 3.551)
2024-03-15T16:03:06.130-03:00  INFO 28352 --- [http-nio-8080-exec-2] o.a.c.c.C.[Tomcat].[localhost].[/]       : Initializing Spring DispatcherServlet 'dispatcherServlet'
2024-03-15T16:03:06.130-03:00  INFO 28352 --- [http-nio-8080-exec-2] o.s.web.servlet.DispatcherServlet        : Initializing Servlet 'dispatcherServlet'
2024-03-15T16:03:06.132-03:00  INFO 28352 --- [http-nio-8080-exec-2] o.s.web.servlet.DispatcherServlet        : Completed initialization in 2 ms
2024-03-15T16:03:06.289-03:00  INFO 28352 --- [http-nio-8080-exec-2] b.c.f.h.c.s.impl.ClienteServiceImpl      : START - [Cliente] - criar
2024-03-15T16:03:06.369-03:00  INFO 28352 --- [http-nio-8080-exec-2] b.c.f.h.c.s.impl.ClienteServiceImpl      : FINAL - [Cliente] - criar
2024-03-15T16:03:12.510-03:00  INFO 28352 --- [http-nio-8080-exec-3] b.c.f.h.c.s.impl.ClienteServiceImpl      : START - [Cliente] - criar
2024-03-15T16:03:12.510-03:00  INFO 28352 --- [http-nio-8080-exec-3] b.c.f.h.c.s.impl.ClienteServiceImpl      : FINAL - [Cliente] - criar
2024-03-15T16:03:19.642-03:00  INFO 28352 --- [http-nio-8080-exec-5] b.c.f.h.c.s.impl.ClienteServiceImpl      : START - [Cliente] - criar
2024-03-15T16:03:19.665-03:00  INFO 28352 --- [http-nio-8080-exec-5] b.c.f.h.c.s.impl.ClienteServiceImpl      : FINAL - [Cliente] - criar
2024-03-15T16:03:23.948-03:00  INFO 28352 --- [http-nio-8080-exec-8] b.c.f.h.c.s.impl.ClienteServiceImpl      : START - [Cliente] - criar
2024-03-15T16:03:23.972-03:00  INFO 28352 --- [http-nio-8080-exec-8] b.c.f.h.c.s.impl.ClienteServiceImpl      : FINAL - [Cliente] - criar
2024-03-15T16:03:31.034-03:00  INFO 28352 --- [http-nio-8080-exec-9] b.c.f.h.c.s.impl.ClienteServiceImpl      : START - [Cliente] - obterTodos
2024-03-15T16:03:31.160-03:00  INFO 28352 --- [http-nio-8080-exec-9] b.c.f.h.c.s.impl.ClienteServiceImpl      : FINAL - [Cliente] - obterTodos
2024-03-15T16:03:52.956-03:00  INFO 28352 --- [http-nio-8080-exec-7] b.c.f.h.c.s.impl.ClienteServiceImpl      : START - [Cliente] - delete - PARAMETER[4}]
2024-03-15T16:03:52.957-03:00  INFO 28352 --- [http-nio-8080-exec-7] b.c.f.h.c.s.impl.ClienteServiceImpl      : START - [Cliente] - obterClientePorId - PARAMETER[4]
2024-03-15T16:03:52.964-03:00  INFO 28352 --- [http-nio-8080-exec-7] b.c.f.h.c.s.impl.ClienteServiceImpl      : FINAL - [Cliente] - obterClientePorId - PARAMETER[4]
2024-03-15T16:03:52.964-03:00  INFO 28352 --- [http-nio-8080-exec-7] b.c.f.h.c.s.impl.ClienteServiceImpl      : FINAL - [Cliente] - delete - PARAMETER[4}]
2024-03-15T16:03:55.187-03:00  INFO 28352 --- [http-nio-8080-exec-10] b.c.f.h.c.s.impl.ClienteServiceImpl      : START - [Cliente] - delete - PARAMETER[5}]
2024-03-15T16:03:55.188-03:00  INFO 28352 --- [http-nio-8080-exec-10] b.c.f.h.c.s.impl.ClienteServiceImpl      : START - [Cliente] - obterClientePorId - PARAMETER[5]
2024-03-15T16:03:55.189-03:00  INFO 28352 --- [http-nio-8080-exec-10] b.c.f.h.c.s.impl.ClienteServiceImpl      : FINAL - [Cliente] - obterClientePorId - PARAMETER[5]
2024-03-15T16:03:55.190-03:00  INFO 28352 --- [http-nio-8080-exec-10] b.c.f.h.c.s.impl.ClienteServiceImpl      : FINAL - [Cliente] - delete - PARAMETER[5}]
2024-03-15T16:03:57.563-03:00  INFO 28352 --- [http-nio-8080-exec-6] b.c.f.h.c.s.impl.ClienteServiceImpl      : START - [Cliente] - delete - PARAMETER[6}]
2024-03-15T16:03:57.563-03:00  INFO 28352 --- [http-nio-8080-exec-6] b.c.f.h.c.s.impl.ClienteServiceImpl      : START - [Cliente] - obterClientePorId - PARAMETER[6]
2024-03-15T16:03:57.566-03:00  INFO 28352 --- [http-nio-8080-exec-6] b.c.f.h.c.s.impl.ClienteServiceImpl      : FINAL - [Cliente] - obterClientePorId - PARAMETER[6]
2024-03-15T16:03:57.570-03:00  INFO 28352 --- [http-nio-8080-exec-6] b.c.f.h.c.s.impl.ClienteServiceImpl      : FINAL - [Cliente] - delete - PARAMETER[6}]
2024-03-15T16:03:59.177-03:00  INFO 28352 --- [http-nio-8080-exec-1] b.c.f.h.c.s.impl.ClienteServiceImpl      : START - [Cliente] - delete - PARAMETER[7}]
2024-03-15T16:03:59.177-03:00  INFO 28352 --- [http-nio-8080-exec-1] b.c.f.h.c.s.impl.ClienteServiceImpl      : START - [Cliente] - obterClientePorId - PARAMETER[7]
2024-03-15T16:03:59.179-03:00  INFO 28352 --- [http-nio-8080-exec-1] b.c.f.h.c.s.impl.ClienteServiceImpl      : FINAL - [Cliente] - obterClientePorId - PARAMETER[7]
2024-03-15T16:03:59.180-03:00  INFO 28352 --- [http-nio-8080-exec-1] b.c.f.h.c.s.impl.ClienteServiceImpl      : FINAL - [Cliente] - delete - PARAMETER[7}]
2024-03-15T16:04:02.109-03:00  INFO 28352 --- [http-nio-8080-exec-2] b.c.f.h.c.s.impl.ClienteServiceImpl      : START - [Cliente] - delete - PARAMETER[8}]
2024-03-15T16:04:02.109-03:00  INFO 28352 --- [http-nio-8080-exec-2] b.c.f.h.c.s.impl.ClienteServiceImpl      : START - [Cliente] - obterClientePorId - PARAMETER[8]
2024-03-15T16:04:02.112-03:00  INFO 28352 --- [http-nio-8080-exec-2] b.c.f.h.c.s.impl.ClienteServiceImpl      : FINAL - [Cliente] - obterClientePorId - PARAMETER[8]
2024-03-15T16:04:02.113-03:00  INFO 28352 --- [http-nio-8080-exec-2] b.c.f.h.c.s.impl.ClienteServiceImpl      : FINAL - [Cliente] - delete - PARAMETER[8}]
2024-03-15T16:04:03.909-03:00  INFO 28352 --- [http-nio-8080-exec-3] b.c.f.h.c.s.impl.ClienteServiceImpl      : START - [Cliente] - delete - PARAMETER[9}]
2024-03-15T16:04:03.909-03:00  INFO 28352 --- [http-nio-8080-exec-3] b.c.f.h.c.s.impl.ClienteServiceImpl      : START - [Cliente] - obterClientePorId - PARAMETER[9]
2024-03-15T16:04:03.911-03:00  INFO 28352 --- [http-nio-8080-exec-3] b.c.f.h.c.s.impl.ClienteServiceImpl      : FINAL - [Cliente] - obterClientePorId - PARAMETER[9]
2024-03-15T16:04:03.911-03:00  INFO 28352 --- [http-nio-8080-exec-3] b.c.f.h.c.s.impl.ClienteServiceImpl      : FINAL - [Cliente] - delete - PARAMETER[9}]
2024-03-15T16:04:06.144-03:00  INFO 28352 --- [http-nio-8080-exec-4] b.c.f.h.c.s.impl.ClienteServiceImpl      : START - [Cliente] - delete - PARAMETER[10}]
2024-03-15T16:04:06.144-03:00  INFO 28352 --- [http-nio-8080-exec-4] b.c.f.h.c.s.impl.ClienteServiceImpl      : START - [Cliente] - obterClientePorId - PARAMETER[10]
2024-03-15T16:04:06.146-03:00  INFO 28352 --- [http-nio-8080-exec-4] b.c.f.h.c.s.impl.ClienteServiceImpl      : FINAL - [Cliente] - obterClientePorId - PARAMETER[10]
2024-03-15T16:04:06.146-03:00  INFO 28352 --- [http-nio-8080-exec-4] b.c.f.h.c.s.impl.ClienteServiceImpl      : FINAL - [Cliente] - delete - PARAMETER[10}]
2024-03-15T22:47:40.216Z  INFO 16054 --- [micro-reservas] [restartedMain] b.c.f.hackaton.ms.reservas.Application   : Starting Application using Java 21.0.2 with PID 16054 (/Users/mathsena/Desktop/fiap-hack/hackathon-fiap/ms-reservas/target/classes started by mathsena in /Users/mathsena/Desktop/fiap-hack/hackathon-fiap)
2024-03-15T22:47:40.218Z  INFO 16054 --- [micro-reservas] [restartedMain] b.c.f.hackaton.ms.reservas.Application   : No active profile set, falling back to 1 default profile: "default"
2024-03-15T22:47:40.279Z  INFO 16054 --- [micro-reservas] [restartedMain] .e.DevToolsPropertyDefaultsPostProcessor : Devtools property defaults active! Set 'spring.devtools.add-properties' to 'false' to disable
2024-03-15T22:47:40.283Z  INFO 16054 --- [micro-reservas] [restartedMain] .e.DevToolsPropertyDefaultsPostProcessor : For additional web related logging consider setting the 'logging.level.web' property to 'DEBUG'
2024-03-15T22:47:40.841Z  INFO 16054 --- [micro-reservas] [restartedMain] .s.d.r.c.RepositoryConfigurationDelegate : Multiple Spring Data modules found, entering strict repository configuration mode
2024-03-15T22:47:40.842Z  INFO 16054 --- [micro-reservas] [restartedMain] .s.d.r.c.RepositoryConfigurationDelegate : Bootstrapping Spring Data JDBC repositories in DEFAULT mode.
2024-03-15T22:47:40.858Z  INFO 16054 --- [micro-reservas] [restartedMain] .RepositoryConfigurationExtensionSupport : Spring Data JDBC - Could not safely identify store assignment for repository candidate interface br.com.fiap.hackaton.ms.reservas.repository.ReservaRepository; If you want this repository to be a JDBC repository, consider annotating your entities with one of these annotations: org.springframework.data.relational.core.mapping.Table.
2024-03-15T22:47:40.859Z  INFO 16054 --- [micro-reservas] [restartedMain] .s.d.r.c.RepositoryConfigurationDelegate : Finished Spring Data repository scanning in 14 ms. Found 0 JDBC repository interfaces.
2024-03-15T22:47:40.864Z  INFO 16054 --- [micro-reservas] [restartedMain] .s.d.r.c.RepositoryConfigurationDelegate : Multiple Spring Data modules found, entering strict repository configuration mode
2024-03-15T22:47:40.865Z  INFO 16054 --- [micro-reservas] [restartedMain] .s.d.r.c.RepositoryConfigurationDelegate : Bootstrapping Spring Data JPA repositories in DEFAULT mode.
2024-03-15T22:47:40.868Z  INFO 16054 --- [micro-reservas] [restartedMain] .RepositoryConfigurationExtensionSupport : Spring Data JPA - Could not safely identify store assignment for repository candidate interface br.com.fiap.hackaton.ms.reservas.repository.ReservaRepository; If you want this repository to be a JPA repository, consider annotating your entities with one of these annotations: jakarta.persistence.Entity, jakarta.persistence.MappedSuperclass (preferred), or consider extending one of the following types with your repository: org.springframework.data.jpa.repository.JpaRepository
2024-03-15T22:47:40.868Z  INFO 16054 --- [micro-reservas] [restartedMain] .s.d.r.c.RepositoryConfigurationDelegate : Finished Spring Data repository scanning in 2 ms. Found 0 JPA repository interfaces.
2024-03-15T22:47:40.882Z  INFO 16054 --- [micro-reservas] [restartedMain] .s.d.r.c.RepositoryConfigurationDelegate : Multiple Spring Data modules found, entering strict repository configuration mode
2024-03-15T22:47:40.883Z  INFO 16054 --- [micro-reservas] [restartedMain] .s.d.r.c.RepositoryConfigurationDelegate : Bootstrapping Spring Data MongoDB repositories in DEFAULT mode.
2024-03-15T22:47:40.893Z  INFO 16054 --- [micro-reservas] [restartedMain] .s.d.r.c.RepositoryConfigurationDelegate : Finished Spring Data repository scanning in 10 ms. Found 1 MongoDB repository interface.
2024-03-15T22:47:40.987Z  INFO 16054 --- [micro-reservas] [restartedMain] o.s.cloud.context.scope.GenericScope     : BeanFactory id=e88303be-b599-37a1-b395-121e8ff54c5c
2024-03-15T22:47:41.268Z  INFO 16054 --- [micro-reservas] [restartedMain] o.s.b.w.embedded.tomcat.TomcatWebServer  : Tomcat initialized with port 8080 (http)
2024-03-15T22:47:41.274Z  INFO 16054 --- [micro-reservas] [restartedMain] o.apache.catalina.core.StandardService   : Starting service [Tomcat]
2024-03-15T22:47:41.275Z  INFO 16054 --- [micro-reservas] [restartedMain] o.apache.catalina.core.StandardEngine    : Starting Servlet engine: [Apache Tomcat/10.1.19]
2024-03-15T22:47:41.313Z  INFO 16054 --- [micro-reservas] [restartedMain] o.a.c.c.C.[Tomcat].[localhost].[/]       : Initializing Spring embedded WebApplicationContext
2024-03-15T22:47:41.313Z  INFO 16054 --- [micro-reservas] [restartedMain] w.s.c.ServletWebServerApplicationContext : Root WebApplicationContext: initialization completed in 1029 ms
2024-03-15T22:47:41.405Z  INFO 16054 --- [micro-reservas] [restartedMain] o.hibernate.jpa.internal.util.LogHelper  : HHH000204: Processing PersistenceUnitInfo [name: default]
2024-03-15T22:47:41.446Z  INFO 16054 --- [micro-reservas] [restartedMain] org.hibernate.Version                    : HHH000412: Hibernate ORM core version 6.4.4.Final
2024-03-15T22:47:41.468Z  INFO 16054 --- [micro-reservas] [restartedMain] o.h.c.internal.RegionFactoryInitiator    : HHH000026: Second-level cache disabled
2024-03-15T22:47:41.639Z  INFO 16054 --- [micro-reservas] [restartedMain] o.s.o.j.p.SpringPersistenceUnitInfo      : No LoadTimeWeaver setup: ignoring JPA class transformer
2024-03-15T22:47:41.655Z  INFO 16054 --- [micro-reservas] [restartedMain] com.zaxxer.hikari.HikariDataSource       : HikariPool-1 - Starting...
2024-03-15T22:47:41.861Z  INFO 16054 --- [micro-reservas] [restartedMain] com.zaxxer.hikari.pool.HikariPool        : HikariPool-1 - Added connection com.mysql.cj.jdbc.ConnectionImpl@2648d4e0
2024-03-15T22:47:41.862Z  INFO 16054 --- [micro-reservas] [restartedMain] com.zaxxer.hikari.HikariDataSource       : HikariPool-1 - Start completed.
2024-03-15T22:47:42.105Z  INFO 16054 --- [micro-reservas] [restartedMain] o.h.e.t.j.p.i.JtaPlatformInitiator       : HHH000489: No JTA platform available (set 'hibernate.transaction.jta.platform' to enable JTA platform integration)
2024-03-15T22:47:42.108Z  INFO 16054 --- [micro-reservas] [restartedMain] j.LocalContainerEntityManagerFactoryBean : Initialized JPA EntityManagerFactory for persistence unit 'default'
2024-03-15T22:47:42.216Z  WARN 16054 --- [micro-reservas] [restartedMain] JpaBaseConfiguration$JpaWebConfiguration : spring.jpa.open-in-view is enabled by default. Therefore, database queries may be performed during view rendering. Explicitly configure spring.jpa.open-in-view to disable this warning
2024-03-15T22:47:42.238Z  INFO 16054 --- [micro-reservas] [restartedMain] o.s.b.d.a.OptionalLiveReloadServer       : LiveReload server is running on port 35729
2024-03-15T22:47:42.364Z  INFO 16054 --- [micro-reservas] [restartedMain] org.mongodb.driver.client                : MongoClient with metadata {"driver": {"name": "mongo-java-driver|sync|spring-boot", "version": "4.11.1"}, "os": {"type": "Darwin", "name": "Mac OS X", "architecture": "aarch64", "version": "14.2.1"}, "platform": "Java/Oracle Corporation/21.0.2+13-58"} created with settings MongoClientSettings{readPreference=primary, writeConcern=WriteConcern{w=null, wTimeout=null ms, journal=null}, retryWrites=true, retryReads=true, readConcern=ReadConcern{level=null}, credential=MongoCredential{mechanism=null, userName='root', source='admin', password=<hidden>, mechanismProperties=<hidden>}, transportSettings=null, streamFactoryFactory=null, commandListeners=[], codecRegistry=ProvidersCodecRegistry{codecProviders=[ValueCodecProvider{}, BsonValueCodecProvider{}, DBRefCodecProvider{}, DBObjectCodecProvider{}, DocumentCodecProvider{}, CollectionCodecProvider{}, IterableCodecProvider{}, MapCodecProvider{}, GeoJsonCodecProvider{}, GridFSFileCodecProvider{}, Jsr310CodecProvider{}, JsonObjectCodecProvider{}, BsonCodecProvider{}, EnumCodecProvider{}, com.mongodb.client.model.mql.ExpressionCodecProvider@6c923873, com.mongodb.Jep395RecordCodecProvider@4fc77675, com.mongodb.KotlinCodecProvider@21cad8ad]}, loggerSettings=LoggerSettings{maxDocumentLength=1000}, clusterSettings={hosts=[localhost:27017], srvServiceName=mongodb, mode=SINGLE, requiredClusterType=UNKNOWN, requiredReplicaSetName='null', serverSelector='null', clusterListeners='[]', serverSelectionTimeout='30000 ms', localThreshold='15 ms'}, socketSettings=SocketSettings{connectTimeoutMS=10000, readTimeoutMS=0, receiveBufferSize=0, proxySettings=ProxySettings{host=null, port=null, username=null, password=null}}, heartbeatSocketSettings=SocketSettings{connectTimeoutMS=10000, readTimeoutMS=10000, receiveBufferSize=0, proxySettings=ProxySettings{host=null, port=null, username=null, password=null}}, connectionPoolSettings=ConnectionPoolSettings{maxSize=100, minSize=0, maxWaitTimeMS=120000, maxConnectionLifeTimeMS=0, maxConnectionIdleTimeMS=0, maintenanceInitialDelayMS=0, maintenanceFrequencyMS=60000, connectionPoolListeners=[], maxConnecting=2}, serverSettings=ServerSettings{heartbeatFrequencyMS=10000, minHeartbeatFrequencyMS=500, serverListeners='[]', serverMonitorListeners='[]'}, sslSettings=SslSettings{enabled=false, invalidHostNameAllowed=false, context=null}, applicationName='null', compressorList=[], uuidRepresentation=JAVA_LEGACY, serverApi=null, autoEncryptionSettings=null, dnsClient=null, inetAddressResolver=null, contextProvider=null}
2024-03-15T22:47:42.373Z  INFO 16054 --- [micro-reservas] [cluster-ClusterId{value='65f4d00e9bf80a56e9dc4f3d', description='null'}-localhost:27017] org.mongodb.driver.cluster               : Monitor thread successfully connected to server with description ServerDescription{address=localhost:27017, type=STANDALONE, state=CONNECTED, ok=true, minWireVersion=0, maxWireVersion=21, maxDocumentSize=16777216, logicalSessionTimeoutMinutes=30, roundTripTimeNanos=13117708}
2024-03-15T22:47:42.990Z  INFO 16054 --- [micro-reservas] [restartedMain] o.s.b.w.embedded.tomcat.TomcatWebServer  : Tomcat started on port 8080 (http) with context path ''
2024-03-15T22:47:42.999Z  INFO 16054 --- [micro-reservas] [restartedMain] b.c.f.hackaton.ms.reservas.Application   : Started Application in 3.17 seconds (process running for 3.837)
2024-03-15T22:48:09.111Z  INFO 16388 --- [main] b.c.f.h.customer.CustomerApplication     : Starting CustomerApplication using Java 21.0.2 with PID 16388 (/Users/mathsena/Desktop/fiap-hack/hackathon-fiap/ms-customer/target/classes started by mathsena in /Users/mathsena/Desktop/fiap-hack/hackathon-fiap)
2024-03-15T22:48:09.114Z  INFO 16388 --- [main] b.c.f.h.customer.CustomerApplication     : No active profile set, falling back to 1 default profile: "default"
2024-03-15T22:48:09.492Z  INFO 16388 --- [main] .s.d.r.c.RepositoryConfigurationDelegate : Multiple Spring Data modules found, entering strict repository configuration mode
2024-03-15T22:48:09.492Z  INFO 16388 --- [main] .s.d.r.c.RepositoryConfigurationDelegate : Bootstrapping Spring Data JDBC repositories in DEFAULT mode.
2024-03-15T22:48:09.509Z  INFO 16388 --- [main] .RepositoryConfigurationExtensionSupport : Spring Data JDBC - Could not safely identify store assignment for repository candidate interface br.com.fiap.hackaton.customer.repository.ClienteRepository; If you want this repository to be a JDBC repository, consider annotating your entities with one of these annotations: org.springframework.data.relational.core.mapping.Table.
2024-03-15T22:48:09.509Z  INFO 16388 --- [main] .RepositoryConfigurationExtensionSupport : Spring Data JDBC - Could not safely identify store assignment for repository candidate interface br.com.fiap.hackaton.customer.repository.EnderecoRepository; If you want this repository to be a JDBC repository, consider annotating your entities with one of these annotations: org.springframework.data.relational.core.mapping.Table.
2024-03-15T22:48:09.510Z  INFO 16388 --- [main] .s.d.r.c.RepositoryConfigurationDelegate : Finished Spring Data repository scanning in 15 ms. Found 0 JDBC repository interfaces.
2024-03-15T22:48:09.520Z  INFO 16388 --- [main] .s.d.r.c.RepositoryConfigurationDelegate : Multiple Spring Data modules found, entering strict repository configuration mode
2024-03-15T22:48:09.520Z  INFO 16388 --- [main] .s.d.r.c.RepositoryConfigurationDelegate : Bootstrapping Spring Data JPA repositories in DEFAULT mode.
2024-03-15T22:48:09.533Z  INFO 16388 --- [main] .s.d.r.c.RepositoryConfigurationDelegate : Finished Spring Data repository scanning in 10 ms. Found 2 JPA repository interfaces.
2024-03-15T22:48:09.781Z  INFO 16388 --- [main] o.s.b.w.embedded.tomcat.TomcatWebServer  : Tomcat initialized with port 8080 (http)
2024-03-15T22:48:09.787Z  INFO 16388 --- [main] o.apache.catalina.core.StandardService   : Starting service [Tomcat]
2024-03-15T22:48:09.787Z  INFO 16388 --- [main] o.apache.catalina.core.StandardEngine    : Starting Servlet engine: [Apache Tomcat/10.1.19]
2024-03-15T22:48:09.815Z  INFO 16388 --- [main] o.a.c.c.C.[Tomcat].[localhost].[/]       : Initializing Spring embedded WebApplicationContext
2024-03-15T22:48:09.815Z  INFO 16388 --- [main] w.s.c.ServletWebServerApplicationContext : Root WebApplicationContext: initialization completed in 673 ms
2024-03-15T22:48:09.886Z  INFO 16388 --- [main] o.hibernate.jpa.internal.util.LogHelper  : HHH000204: Processing PersistenceUnitInfo [name: default]
2024-03-15T22:48:09.913Z  INFO 16388 --- [main] org.hibernate.Version                    : HHH000412: Hibernate ORM core version 6.4.4.Final
2024-03-15T22:48:09.927Z  INFO 16388 --- [main] o.h.c.internal.RegionFactoryInitiator    : HHH000026: Second-level cache disabled
2024-03-15T22:48:10.038Z  INFO 16388 --- [main] o.s.o.j.p.SpringPersistenceUnitInfo      : No LoadTimeWeaver setup: ignoring JPA class transformer
2024-03-15T22:48:10.052Z  INFO 16388 --- [main] com.zaxxer.hikari.HikariDataSource       : HikariPool-1 - Starting...
2024-03-15T22:48:10.232Z  INFO 16388 --- [main] com.zaxxer.hikari.pool.HikariPool        : HikariPool-1 - Added connection com.mysql.cj.jdbc.ConnectionImpl@3a70575
2024-03-15T22:48:10.233Z  INFO 16388 --- [main] com.zaxxer.hikari.HikariDataSource       : HikariPool-1 - Start completed.
2024-03-15T22:48:10.798Z  INFO 16388 --- [main] o.h.e.t.j.p.i.JtaPlatformInitiator       : HHH000489: No JTA platform available (set 'hibernate.transaction.jta.platform' to enable JTA platform integration)
2024-03-15T22:48:10.851Z  INFO 16388 --- [main] j.LocalContainerEntityManagerFactoryBean : Initialized JPA EntityManagerFactory for persistence unit 'default'
2024-03-15T22:48:11.069Z  WARN 16388 --- [main] JpaBaseConfiguration$JpaWebConfiguration : spring.jpa.open-in-view is enabled by default. Therefore, database queries may be performed during view rendering. Explicitly configure spring.jpa.open-in-view to disable this warning
2024-03-15T22:48:11.523Z  WARN 16388 --- [main] ConfigServletWebServerApplicationContext : Exception encountered during context initialization - cancelling refresh attempt: org.springframework.context.ApplicationContextException: Failed to start bean 'webServerStartStop'
2024-03-15T22:48:11.524Z  INFO 16388 --- [main] j.LocalContainerEntityManagerFactoryBean : Closing JPA EntityManagerFactory for persistence unit 'default'
2024-03-15T22:48:11.525Z  INFO 16388 --- [main] com.zaxxer.hikari.HikariDataSource       : HikariPool-1 - Shutdown initiated...
2024-03-15T22:48:11.529Z  INFO 16388 --- [main] com.zaxxer.hikari.HikariDataSource       : HikariPool-1 - Shutdown completed.
2024-03-15T22:48:11.536Z  INFO 16388 --- [main] .s.b.a.l.ConditionEvaluationReportLogger : 

Error starting ApplicationContext. To display the condition evaluation report re-run your application with 'debug' enabled.
2024-03-15T22:48:11.545Z ERROR 16388 --- [main] o.s.b.d.LoggingFailureAnalysisReporter   : 

***************************
APPLICATION FAILED TO START
***************************

Description:

Web server failed to start. Port 8080 was already in use.

Action:

Identify and stop the process that's listening on port 8080 or configure this application to listen on another port.

2024-03-15T22:48:27.706Z  INFO 16506 --- [main] b.c.f.h.customer.CustomerApplication     : Starting CustomerApplication using Java 21.0.2 with PID 16506 (/Users/mathsena/Desktop/fiap-hack/hackathon-fiap/ms-customer/target/classes started by mathsena in /Users/mathsena/Desktop/fiap-hack/hackathon-fiap)
2024-03-15T22:48:27.708Z  INFO 16506 --- [main] b.c.f.h.customer.CustomerApplication     : No active profile set, falling back to 1 default profile: "default"
2024-03-15T22:48:27.868Z  INFO 16054 --- [micro-reservas] [File Watcher] rtingClassPathChangeChangedEventListener : Restarting due to 1 class path change (0 additions, 0 deletions, 1 modification)
2024-03-15T22:48:27.963Z  INFO 16054 --- [micro-reservas] [Thread-5] j.LocalContainerEntityManagerFactoryBean : Closing JPA EntityManagerFactory for persistence unit 'default'
2024-03-15T22:48:27.966Z  INFO 16054 --- [micro-reservas] [Thread-5] com.zaxxer.hikari.HikariDataSource       : HikariPool-1 - Shutdown initiated...
2024-03-15T22:48:27.974Z  INFO 16054 --- [micro-reservas] [Thread-5] com.zaxxer.hikari.HikariDataSource       : HikariPool-1 - Shutdown completed.
2024-03-15T22:48:28.074Z  INFO 16054 --- [micro-reservas] [restartedMain] b.c.f.hackaton.ms.reservas.Application   : Starting Application using Java 21.0.2 with PID 16054 (/Users/mathsena/Desktop/fiap-hack/hackathon-fiap/ms-reservas/target/classes started by mathsena in /Users/mathsena/Desktop/fiap-hack/hackathon-fiap)
2024-03-15T22:48:28.074Z  INFO 16054 --- [micro-reservas] [restartedMain] b.c.f.hackaton.ms.reservas.Application   : No active profile set, falling back to 1 default profile: "default"
2024-03-15T22:48:28.218Z  INFO 16506 --- [main] .s.d.r.c.RepositoryConfigurationDelegate : Multiple Spring Data modules found, entering strict repository configuration mode
2024-03-15T22:48:28.219Z  INFO 16506 --- [main] .s.d.r.c.RepositoryConfigurationDelegate : Bootstrapping Spring Data JDBC repositories in DEFAULT mode.
2024-03-15T22:48:28.244Z  INFO 16506 --- [main] .RepositoryConfigurationExtensionSupport : Spring Data JDBC - Could not safely identify store assignment for repository candidate interface br.com.fiap.hackaton.customer.repository.ClienteRepository; If you want this repository to be a JDBC repository, consider annotating your entities with one of these annotations: org.springframework.data.relational.core.mapping.Table.
2024-03-15T22:48:28.245Z  INFO 16506 --- [main] .RepositoryConfigurationExtensionSupport : Spring Data JDBC - Could not safely identify store assignment for repository candidate interface br.com.fiap.hackaton.customer.repository.EnderecoRepository; If you want this repository to be a JDBC repository, consider annotating your entities with one of these annotations: org.springframework.data.relational.core.mapping.Table.
2024-03-15T22:48:28.246Z  INFO 16506 --- [main] .s.d.r.c.RepositoryConfigurationDelegate : Finished Spring Data repository scanning in 23 ms. Found 0 JDBC repository interfaces.
2024-03-15T22:48:28.255Z  INFO 16506 --- [main] .s.d.r.c.RepositoryConfigurationDelegate : Multiple Spring Data modules found, entering strict repository configuration mode
2024-03-15T22:48:28.256Z  INFO 16506 --- [main] .s.d.r.c.RepositoryConfigurationDelegate : Bootstrapping Spring Data JPA repositories in DEFAULT mode.
2024-03-15T22:48:28.262Z  INFO 16054 --- [micro-reservas] [restartedMain] .s.d.r.c.RepositoryConfigurationDelegate : Multiple Spring Data modules found, entering strict repository configuration mode
2024-03-15T22:48:28.262Z  INFO 16054 --- [micro-reservas] [restartedMain] .s.d.r.c.RepositoryConfigurationDelegate : Bootstrapping Spring Data JDBC repositories in DEFAULT mode.
2024-03-15T22:48:28.265Z  INFO 16054 --- [micro-reservas] [restartedMain] .RepositoryConfigurationExtensionSupport : Spring Data JDBC - Could not safely identify store assignment for repository candidate interface br.com.fiap.hackaton.ms.reservas.repository.ReservaRepository; If you want this repository to be a JDBC repository, consider annotating your entities with one of these annotations: org.springframework.data.relational.core.mapping.Table.
2024-03-15T22:48:28.265Z  INFO 16054 --- [micro-reservas] [restartedMain] .s.d.r.c.RepositoryConfigurationDelegate : Finished Spring Data repository scanning in 3 ms. Found 0 JDBC repository interfaces.
2024-03-15T22:48:28.268Z  INFO 16054 --- [micro-reservas] [restartedMain] .s.d.r.c.RepositoryConfigurationDelegate : Multiple Spring Data modules found, entering strict repository configuration mode
2024-03-15T22:48:28.268Z  INFO 16054 --- [micro-reservas] [restartedMain] .s.d.r.c.RepositoryConfigurationDelegate : Bootstrapping Spring Data JPA repositories in DEFAULT mode.
2024-03-15T22:48:28.270Z  INFO 16054 --- [micro-reservas] [restartedMain] .RepositoryConfigurationExtensionSupport : Spring Data JPA - Could not safely identify store assignment for repository candidate interface br.com.fiap.hackaton.ms.reservas.repository.ReservaRepository; If you want this repository to be a JPA repository, consider annotating your entities with one of these annotations: jakarta.persistence.Entity, jakarta.persistence.MappedSuperclass (preferred), or consider extending one of the following types with your repository: org.springframework.data.jpa.repository.JpaRepository
2024-03-15T22:48:28.270Z  INFO 16054 --- [micro-reservas] [restartedMain] .s.d.r.c.RepositoryConfigurationDelegate : Finished Spring Data repository scanning in 1 ms. Found 0 JPA repository interfaces.
2024-03-15T22:48:28.273Z  INFO 16506 --- [main] .s.d.r.c.RepositoryConfigurationDelegate : Finished Spring Data repository scanning in 13 ms. Found 2 JPA repository interfaces.
2024-03-15T22:48:28.276Z  INFO 16054 --- [micro-reservas] [restartedMain] .s.d.r.c.RepositoryConfigurationDelegate : Multiple Spring Data modules found, entering strict repository configuration mode
2024-03-15T22:48:28.276Z  INFO 16054 --- [micro-reservas] [restartedMain] .s.d.r.c.RepositoryConfigurationDelegate : Bootstrapping Spring Data MongoDB repositories in DEFAULT mode.
2024-03-15T22:48:28.279Z  INFO 16054 --- [micro-reservas] [restartedMain] .s.d.r.c.RepositoryConfigurationDelegate : Finished Spring Data repository scanning in 3 ms. Found 1 MongoDB repository interface.
2024-03-15T22:48:28.315Z  INFO 16054 --- [micro-reservas] [restartedMain] o.s.cloud.context.scope.GenericScope     : BeanFactory id=e88303be-b599-37a1-b395-121e8ff54c5c
2024-03-15T22:48:28.389Z  INFO 16054 --- [micro-reservas] [restartedMain] o.s.b.w.embedded.tomcat.TomcatWebServer  : Tomcat initialized with port 8081 (http)
2024-03-15T22:48:28.390Z  INFO 16054 --- [micro-reservas] [restartedMain] o.apache.catalina.core.StandardService   : Starting service [Tomcat]
2024-03-15T22:48:28.390Z  INFO 16054 --- [micro-reservas] [restartedMain] o.apache.catalina.core.StandardEngine    : Starting Servlet engine: [Apache Tomcat/10.1.19]
2024-03-15T22:48:28.409Z  INFO 16054 --- [micro-reservas] [restartedMain] o.a.c.c.C.[Tomcat].[localhost].[/]       : Initializing Spring embedded WebApplicationContext
2024-03-15T22:48:28.409Z  INFO 16054 --- [micro-reservas] [restartedMain] w.s.c.ServletWebServerApplicationContext : Root WebApplicationContext: initialization completed in 333 ms
2024-03-15T22:48:28.442Z  INFO 16054 --- [micro-reservas] [restartedMain] o.hibernate.jpa.internal.util.LogHelper  : HHH000204: Processing PersistenceUnitInfo [name: default]
2024-03-15T22:48:28.446Z  INFO 16054 --- [micro-reservas] [restartedMain] o.h.c.internal.RegionFactoryInitiator    : HHH000026: Second-level cache disabled
2024-03-15T22:48:28.450Z  INFO 16054 --- [micro-reservas] [restartedMain] o.s.o.j.p.SpringPersistenceUnitInfo      : No LoadTimeWeaver setup: ignoring JPA class transformer
2024-03-15T22:48:28.452Z  INFO 16054 --- [micro-reservas] [restartedMain] com.zaxxer.hikari.HikariDataSource       : HikariPool-2 - Starting...
2024-03-15T22:48:28.478Z  INFO 16054 --- [micro-reservas] [restartedMain] com.zaxxer.hikari.pool.HikariPool        : HikariPool-2 - Added connection com.mysql.cj.jdbc.ConnectionImpl@1348f901
2024-03-15T22:48:28.479Z  INFO 16054 --- [micro-reservas] [restartedMain] com.zaxxer.hikari.HikariDataSource       : HikariPool-2 - Start completed.
2024-03-15T22:48:28.495Z  INFO 16054 --- [micro-reservas] [restartedMain] o.h.e.t.j.p.i.JtaPlatformInitiator       : HHH000489: No JTA platform available (set 'hibernate.transaction.jta.platform' to enable JTA platform integration)
2024-03-15T22:48:28.497Z  INFO 16054 --- [micro-reservas] [restartedMain] j.LocalContainerEntityManagerFactoryBean : Initialized JPA EntityManagerFactory for persistence unit 'default'
2024-03-15T22:48:28.543Z  WARN 16054 --- [micro-reservas] [restartedMain] JpaBaseConfiguration$JpaWebConfiguration : spring.jpa.open-in-view is enabled by default. Therefore, database queries may be performed during view rendering. Explicitly configure spring.jpa.open-in-view to disable this warning
2024-03-15T22:48:28.555Z  INFO 16054 --- [micro-reservas] [restartedMain] o.s.b.d.a.OptionalLiveReloadServer       : LiveReload server is running on port 35729
2024-03-15T22:48:28.595Z  INFO 16054 --- [micro-reservas] [restartedMain] org.mongodb.driver.client                : MongoClient with metadata {"driver": {"name": "mongo-java-driver|sync|spring-boot", "version": "4.11.1"}, "os": {"type": "Darwin", "name": "Mac OS X", "architecture": "aarch64", "version": "14.2.1"}, "platform": "Java/Oracle Corporation/21.0.2+13-58"} created with settings MongoClientSettings{readPreference=primary, writeConcern=WriteConcern{w=null, wTimeout=null ms, journal=null}, retryWrites=true, retryReads=true, readConcern=ReadConcern{level=null}, credential=MongoCredential{mechanism=null, userName='root', source='admin', password=<hidden>, mechanismProperties=<hidden>}, transportSettings=null, streamFactoryFactory=null, commandListeners=[], codecRegistry=ProvidersCodecRegistry{codecProviders=[ValueCodecProvider{}, BsonValueCodecProvider{}, DBRefCodecProvider{}, DBObjectCodecProvider{}, DocumentCodecProvider{}, CollectionCodecProvider{}, IterableCodecProvider{}, MapCodecProvider{}, GeoJsonCodecProvider{}, GridFSFileCodecProvider{}, Jsr310CodecProvider{}, JsonObjectCodecProvider{}, BsonCodecProvider{}, EnumCodecProvider{}, com.mongodb.client.model.mql.ExpressionCodecProvider@6c923873, com.mongodb.Jep395RecordCodecProvider@4fc77675, com.mongodb.KotlinCodecProvider@21cad8ad]}, loggerSettings=LoggerSettings{maxDocumentLength=1000}, clusterSettings={hosts=[localhost:27017], srvServiceName=mongodb, mode=SINGLE, requiredClusterType=UNKNOWN, requiredReplicaSetName='null', serverSelector='null', clusterListeners='[]', serverSelectionTimeout='30000 ms', localThreshold='15 ms'}, socketSettings=SocketSettings{connectTimeoutMS=10000, readTimeoutMS=0, receiveBufferSize=0, proxySettings=ProxySettings{host=null, port=null, username=null, password=null}}, heartbeatSocketSettings=SocketSettings{connectTimeoutMS=10000, readTimeoutMS=10000, receiveBufferSize=0, proxySettings=ProxySettings{host=null, port=null, username=null, password=null}}, connectionPoolSettings=ConnectionPoolSettings{maxSize=100, minSize=0, maxWaitTimeMS=120000, maxConnectionLifeTimeMS=0, maxConnectionIdleTimeMS=0, maintenanceInitialDelayMS=0, maintenanceFrequencyMS=60000, connectionPoolListeners=[], maxConnecting=2}, serverSettings=ServerSettings{heartbeatFrequencyMS=10000, minHeartbeatFrequencyMS=500, serverListeners='[]', serverMonitorListeners='[]'}, sslSettings=SslSettings{enabled=false, invalidHostNameAllowed=false, context=null}, applicationName='null', compressorList=[], uuidRepresentation=JAVA_LEGACY, serverApi=null, autoEncryptionSettings=null, dnsClient=null, inetAddressResolver=null, contextProvider=null}
2024-03-15T22:48:28.604Z  INFO 16054 --- [micro-reservas] [cluster-ClusterId{value='65f4d03c9bf80a56e9dc4f3e', description='null'}-localhost:27017] org.mongodb.driver.cluster               : Monitor thread successfully connected to server with description ServerDescription{address=localhost:27017, type=STANDALONE, state=CONNECTED, ok=true, minWireVersion=0, maxWireVersion=21, maxDocumentSize=16777216, logicalSessionTimeoutMinutes=30, roundTripTimeNanos=9599500}
2024-03-15T22:48:28.611Z  INFO 16506 --- [main] o.s.b.w.embedded.tomcat.TomcatWebServer  : Tomcat initialized with port 8081 (http)
2024-03-15T22:48:28.619Z  INFO 16506 --- [main] o.apache.catalina.core.StandardService   : Starting service [Tomcat]
2024-03-15T22:48:28.619Z  INFO 16506 --- [main] o.apache.catalina.core.StandardEngine    : Starting Servlet engine: [Apache Tomcat/10.1.19]
2024-03-15T22:48:28.657Z  INFO 16506 --- [main] o.a.c.c.C.[Tomcat].[localhost].[/]       : Initializing Spring embedded WebApplicationContext
2024-03-15T22:48:28.657Z  INFO 16506 --- [main] w.s.c.ServletWebServerApplicationContext : Root WebApplicationContext: initialization completed in 918 ms
2024-03-15T22:48:28.769Z  INFO 16506 --- [main] o.hibernate.jpa.internal.util.LogHelper  : HHH000204: Processing PersistenceUnitInfo [name: default]
2024-03-15T22:48:28.803Z  INFO 16506 --- [main] org.hibernate.Version                    : HHH000412: Hibernate ORM core version 6.4.4.Final
2024-03-15T22:48:28.824Z  INFO 16506 --- [main] o.h.c.internal.RegionFactoryInitiator    : HHH000026: Second-level cache disabled
2024-03-15T22:48:28.825Z  INFO 16054 --- [micro-reservas] [restartedMain] o.s.b.w.embedded.tomcat.TomcatWebServer  : Tomcat started on port 8081 (http) with context path ''
2024-03-15T22:48:28.832Z  INFO 16054 --- [micro-reservas] [restartedMain] b.c.f.hackaton.ms.reservas.Application   : Started Application in 0.784 seconds (process running for 49.67)
2024-03-15T22:48:28.838Z  INFO 16054 --- [micro-reservas] [restartedMain] .ConditionEvaluationDeltaLoggingListener : Condition evaluation unchanged
2024-03-15T22:48:28.966Z  INFO 16506 --- [main] o.s.o.j.p.SpringPersistenceUnitInfo      : No LoadTimeWeaver setup: ignoring JPA class transformer
2024-03-15T22:48:28.980Z  INFO 16506 --- [main] com.zaxxer.hikari.HikariDataSource       : HikariPool-1 - Starting...
2024-03-15T22:48:29.248Z  INFO 16506 --- [main] com.zaxxer.hikari.pool.HikariPool        : HikariPool-1 - Added connection com.mysql.cj.jdbc.ConnectionImpl@7283877
2024-03-15T22:48:29.249Z  INFO 16506 --- [main] com.zaxxer.hikari.HikariDataSource       : HikariPool-1 - Start completed.
2024-03-15T22:48:29.785Z  INFO 16506 --- [main] o.h.e.t.j.p.i.JtaPlatformInitiator       : HHH000489: No JTA platform available (set 'hibernate.transaction.jta.platform' to enable JTA platform integration)
2024-03-15T22:48:29.840Z  INFO 16506 --- [main] j.LocalContainerEntityManagerFactoryBean : Initialized JPA EntityManagerFactory for persistence unit 'default'
2024-03-15T22:48:30.079Z  WARN 16506 --- [main] JpaBaseConfiguration$JpaWebConfiguration : spring.jpa.open-in-view is enabled by default. Therefore, database queries may be performed during view rendering. Explicitly configure spring.jpa.open-in-view to disable this warning
2024-03-15T22:48:30.512Z  WARN 16506 --- [main] ConfigServletWebServerApplicationContext : Exception encountered during context initialization - cancelling refresh attempt: org.springframework.context.ApplicationContextException: Failed to start bean 'webServerStartStop'
2024-03-15T22:48:30.513Z  INFO 16506 --- [main] j.LocalContainerEntityManagerFactoryBean : Closing JPA EntityManagerFactory for persistence unit 'default'
2024-03-15T22:48:30.514Z  INFO 16506 --- [main] com.zaxxer.hikari.HikariDataSource       : HikariPool-1 - Shutdown initiated...
2024-03-15T22:48:30.518Z  INFO 16506 --- [main] com.zaxxer.hikari.HikariDataSource       : HikariPool-1 - Shutdown completed.
2024-03-15T22:48:30.525Z  INFO 16506 --- [main] .s.b.a.l.ConditionEvaluationReportLogger : 

Error starting ApplicationContext. To display the condition evaluation report re-run your application with 'debug' enabled.
2024-03-15T22:48:30.534Z ERROR 16506 --- [main] o.s.b.d.LoggingFailureAnalysisReporter   : 

***************************
APPLICATION FAILED TO START
***************************

Description:

Web server failed to start. Port 8081 was already in use.

Action:

Identify and stop the process that's listening on port 8081 or configure this application to listen on another port.

